2024-03-11 14:12:31: Save Settings : C:\Users\CIMT-North\Desktop\srithai\tk
2024-03-11 14:12:39: Save Settings : C:\Users\CIMT-North\Desktop\srithai\tk
2024-03-11 14:36:55: Save Settings : C:\Users\CIMT-North\Desktop\srithai\tk
2024-03-11 14:36:55: Error logging SaveSettings success: Provider is not defined
2024-03-11 15:46:17: Save Settings : C:\Users\CIMT-North\Desktop\srithai\tk
2024-03-11 15:46:17: Error logging SaveSettings success: Provider is not defined
2024-03-11 15:46:30: Save Settings : C:\Users\CIMT-North\Desktop\srithai\tk
2024-03-11 15:46:30: Error logging SaveSettings success: Provider is not defined
2024-03-11 15:46:56: Save Settings : C:\Users\CIMT-North\Desktop\srithai\tk
2024-03-11 15:46:56: Error logging SaveSettings success: Provider is not defined
2024-03-11 15:47:10: Save Settings : C:\Users\CIMT-North\Desktop\srithai\tk
2024-03-11 15:47:10: Error logging SaveSettings success: Provider is not defined
2024-03-11 15:47:36: Save Settings : C:\Users\CIMT-North\Desktop\srithai\tk
2024-03-11 15:49:01: Row 1: Required fields are missing. Seizono: , Gkoteicd: , GHIMOKUCD: 0, Tantocd: , DateTime: 
2024-03-11 15:49:16: Save Settings : C:\Users\CIMT-North\Desktop\srithai\tk
2024-03-11 15:49:52: Row 1: Required fields are missing. Seizono: , Gkoteicd: , GHIMOKUCD: 0, Tantocd: , DateTime: 
2024-03-11 15:49:57: Save Settings : C:\Users\CIMT-North\Desktop\srithai\tk
2024-03-11 15:50:09: Row 1: Required fields are missing. Seizono: , Gkoteicd: , GHIMOKUCD: 0, Tantocd: , DateTime: 
2024-03-11 15:50:19: Save Settings : C:\Users\CIMT-North\Desktop\srithai\tk
2024-03-11 15:51:43: Row 1: Required fields are missing. Seizono: , Gkoteicd: , GHIMOKUCD: 0, Tantocd: , DateTime: 
2024-03-11 15:51:45: Save Settings : C:\Users\CIMT-North\Desktop\srithai\tk
2024-03-11 15:52:43: Row 1: Required fields are missing. Seizono: , Gkoteicd: , GHIMOKUCD: 0, Tantocd: , DateTime: 
2024-03-11 15:52:45: Save Settings : C:\Users\CIMT-North\Desktop\srithai\tk
2024-03-11 15:53:39: Row 1: Required fields are missing. Seizono: , Gkoteicd: , GHIMOKUCD: 0, Tantocd: , DateTime: 
2024-03-11 15:53:41: Save Settings : C:\Users\CIMT-North\Desktop\srithai\tk
2024-03-11 15:54:27: Save Settings : C:\Users\CIMT-North\Desktop\srithai\tk
2024-03-11 15:54:27: Error logging SaveSettings success: Provider is not defined
2024-03-11 15:54:52: Row 1: Required fields are missing. Seizono: , Gkoteicd: , GHIMOKUCD: 0, Tantocd: , DateTime: 
2024-03-11 15:54:59: Save Settings : C:\Users\CIMT-North\Desktop\srithai\tk
2024-03-11 16:00:28: Save Settings : C:\Users\CIMT-North\Desktop\srithai\tk
2024-03-11 16:03:18: Save Settings : C:\Users\CIMT-North\Desktop\srithai\tk
2024-03-11 16:03:18: Error logging SaveSettings success: Provider is not defined
2024-03-11 16:03:32: Save Settings : C:\Users\CIMT-North\Desktop\srithai\tk
2024-03-11 16:03:32: Error logging SaveSettings success: Provider is not defined
2024-03-11 16:03:51: Save Settings : C:\Users\CIMT-North\Desktop\srithai\tk
2024-03-11 16:03:51: Error logging SaveSettings success: Provider is not defined
2024-03-11 16:04:41: Save Settings : C:\Users\CIMT-North\Desktop\srithai\tk
2024-03-11 16:04:41: Error logging SaveSettings success: Provider is not defined
2024-03-11 16:10:48: Save Settings : C:\Users\CIMT-North\Desktop\srithai\tk
2024-03-11 16:10:48: Error logging SaveSettings success: Provider is not defined
2024-03-11 16:11:05: Save Settings : C:\Users\CIMT-North\Desktop\srithai\tk
2024-03-14 12:45:49: Save Settings : C:\Users\CIMT-North\Desktop\srithai\tk
2024-03-14 12:45:49: Error logging SaveSettings success: Provider is not defined
2024-03-14 13:13:17: Save Settings : C:\Users\CIMT-North\Desktop\srithai\tk
2024-03-14 13:13:17: Error logging SaveSettings success: Provider is not defined
2024-03-14 13:15:39: Save Settings : C:\Users\CIMT-North\Desktop\srithai\tk
2024-03-14 13:15:39: Error logging SaveSettings success: Provider is not defined
2024-03-14 13:17:23: Save Settings : C:\Users\CIMT-North\Desktop\srithai\tk
2024-03-14 13:17:23: Error logging SaveSettings success: Provider is not defined
2024-03-14 13:18:05: Save Settings : C:\Users\CIMT-North\Desktop\srithai\tk
2024-03-14 13:18:05: Error logging SaveSettings success: Provider is not defined
2024-03-14 13:18:29: Save Settings : C:\Users\CIMT-North\Desktop\srithai\tk
2024-03-14 13:18:29: Error logging SaveSettings success: Provider is not defined
2024-03-14 13:18:39: Save Settings : C:\Users\CIMT-North\Desktop\srithai\tk
2024-03-14 13:18:39: Error logging SaveSettings success: Provider is not defined
2024-03-15 11:59:29: Save Settings : C:\Users\CIMT-North\Desktop\srithai\tk
2024-03-15 11:59:29: Error logging SaveSettings success: Provider is not defined
2024-03-15 13:13:02: Save Settings : C:\Users\CIMT-North\Desktop\srithai\tk
2024-03-15 13:13:02: Error logging SaveSettings success: Provider is not defined
2024-03-15 13:13:36: Save Settings : C:\Users\CIMT-North\Desktop\srithai\tk
2024-03-15 13:13:36: Error logging SaveSettings success: Provider is not defined
2024-03-15 13:16:03: Save Settings : C:\Users\CIMT-North\Desktop\srithai\tk
2024-03-15 13:16:03: Error logging SaveSettings success: Provider is not defined
2024-03-15 13:16:42: Save Settings : C:\Users\CIMT-North\Desktop\srithai\tk
2024-03-15 13:16:42: Error logging SaveSettings success: Provider is not defined
2024-03-15 13:28:53: Save Settings : C:\Users\CIMT-North\Desktop\srithai\tk
2024-03-15 13:28:53: Error logging SaveSettings success: Provider is not defined
2024-03-15 13:29:10: Save Settings : C:\Users\CIMT-North\Desktop\srithai\tk
2024-03-15 13:29:10: Error logging SaveSettings success: Provider is not defined
2024-03-15 13:29:22: Save Settings : C:\Users\CIMT-North\Desktop\srithai\tk
2024-03-15 13:29:22: Error logging SaveSettings success: Provider is not defined
2024-03-15 13:29:34: Save Settings : C:\Users\CIMT-North\Desktop\srithai\tk
2024-03-15 13:29:34: Error logging SaveSettings success: Provider is not defined
2024-03-15 13:35:35: Save Settings : C:\Users\CIMT-North\Desktop\srithai\tk
2024-03-15 13:35:35: Error logging SaveSettings success: Provider is not defined
2024-03-15 13:35:57: Save Settings : C:\Users\CIMT-North\Desktop\srithai\tk
2024-03-15 13:35:57: Error logging SaveSettings success: Provider is not defined
2024-03-18 09:22:26: Save Settings : C:\Users\CIMT-North\Desktop\srithai\tk
2024-03-18 09:22:26: Error logging SaveSettings success: Provider is not defined
2024-03-18 09:24:49: Save Settings : C:\Users\CIMT-North\Desktop\srithai\tk
2024-03-18 09:24:49: Error logging SaveSettings success: Provider is not defined
2024-03-18 09:26:35: Save Settings : C:\Users\CIMT-North\Desktop\srithai\tk
2024-03-18 09:26:35: Error logging SaveSettings success: Provider is not defined
2024-03-18 09:27:04: Save Settings : C:\Users\CIMT-North\Desktop\srithai\tk
2024-03-18 09:27:04: Error logging SaveSettings success: Provider is not defined
2024-03-18 09:27:14: Save Settings : C:\Users\CIMT-North\Desktop\srithai\tk
2024-03-18 09:27:14: Error logging SaveSettings success: Provider is not defined
2024-03-18 09:56:39: Save Settings : C:\Users\CIMT-North\Desktop\srithai\tk
2024-03-18 09:56:39: Error logging SaveSettings success: Provider is not defined
2024-03-18 09:57:28: Save Settings : C:\Users\CIMT-North\Desktop\srithai\tk
2024-03-18 09:57:28: Error logging SaveSettings success: Provider is not defined
2024-03-18 09:58:44: Save Settings : C:\Users\CIMT-North\Desktop\srithai
2024-03-18 09:58:44: Error logging SaveSettings success: Provider is not defined
2024-03-18 10:18:08: Save Settings : 
2024-03-18 10:18:08: Error logging SaveSettings success: Provider is not defined
2024-03-18 10:25:55: Save Settings : 
2024-03-18 10:25:55: Error logging SaveSettings success: Provider is not defined
2024-03-18 10:29:03: Save Settings : C:\Users\CIMT-North\Documents
2024-03-18 10:29:03: Error logging SaveSettings success: Provider is not defined
2024-03-18 10:29:19: Save Settings : C:\Users\CIMT-North\Documents
2024-03-18 10:29:19: Error logging SaveSettings success: Provider is not defined
2024-03-18 10:29:32: Save Settings : C:\Users\CIMT-North\Documents
2024-03-18 10:29:32: Error logging SaveSettings success: Provider is not defined
